<?xml version="1.0" encoding="UTF-8"?>
<!-- Generated by org.testng.reporters.JUnitXMLReporter -->
<testsuite ignored="3" hostname="NIMIK" failures="0" tests="2" name="Regression Test" time="0.166" errors="0" timestamp="2024-06-29T07:42:13 EDT">
  <testcase classname="ui.GroupTest" name="aTest1" time="0.03"/>
  <testcase classname="ui.GroupTest" name="bTest2" time="0.006"/>
  <testcase classname="ui.GroupTest" name="bTest3" time="0.0">
    <ignored/>
  </testcase> <!-- bTest3 -->
  <testcase classname="ui.LoginTest" name="logoutTest" time="0.0">
    <ignored/>
  </testcase> <!-- logoutTest -->
  <testcase classname="ui.LoginTest" name="loginTest" time="0.0">
    <ignored/>
  </testcase> <!-- loginTest -->
</testsuite> <!-- Regression Test -->
