<?xml version="1.0" encoding="UTF-8"?>
<testng-results ignored="0" total="11" passed="9" failed="1" skipped="1">
  <reporter-output>
  </reporter-output>
  <suite started-at="2024-07-05T02:05:33Z" name="Suite" finished-at="2024-07-05T02:05:33Z" duration-ms="90">
    <groups>
      <group name="smoke">
        <method signature="Testing3.createUser()[pri:1, instance:ui.Testing3@6ab778a]" name="createUser" class="ui.Testing3"/>
        <method signature="Testing1.test1()[pri:0, instance:ui.Testing1@38102d01]" name="test1" class="ui.Testing1"/>
        <method signature="Testing2.test4()[pri:0, instance:ui.Testing2@37883b97]" name="test4" class="ui.Testing2"/>
      </group> <!-- smoke -->
      <group name="xyz">
        <method signature="Testing1.test3()[pri:0, instance:ui.Testing1@38102d01]" name="test3" class="ui.Testing1"/>
      </group> <!-- xyz -->
      <group name="sanity">
        <method signature="Testing3.createUser()[pri:1, instance:ui.Testing3@6ab778a]" name="createUser" class="ui.Testing3"/>
        <method signature="Testing1.test2()[pri:0, instance:ui.Testing1@38102d01]" name="test2" class="ui.Testing1"/>
      </group> <!-- sanity -->
    </groups>
    <test started-at="2024-07-05T02:05:33Z" name="Test" finished-at="2024-07-05T02:05:33Z" duration-ms="90">
      <class name="ui.Testing1">
        <test-method is-config="true" signature="beforeSuite()[pri:0, instance:ui.Testing1@38102d01]" started-at="2024-07-05T02:05:33Z" name="beforeSuite" finished-at="2024-07-05T02:05:33Z" duration-ms="25" status="PASS">
          <reporter-output>
          </reporter-output>
        </test-method> <!-- beforeSuite -->
        <test-method is-config="true" signature="beforeTest()[pri:0, instance:ui.Testing1@38102d01]" started-at="2024-07-05T02:05:33Z" name="beforeTest" finished-at="2024-07-05T02:05:33Z" duration-ms="1" status="PASS">
          <reporter-output>
          </reporter-output>
        </test-method> <!-- beforeTest -->
        <test-method is-config="true" signature="beforeClass()[pri:0, instance:ui.Testing1@38102d01]" started-at="2024-07-05T02:05:33Z" name="beforeClass" finished-at="2024-07-05T02:05:33Z" duration-ms="1" status="PASS">
          <reporter-output>
          </reporter-output>
        </test-method> <!-- beforeClass -->
        <test-method is-config="true" signature="beforeMethod()[pri:0, instance:ui.Testing1@38102d01]" started-at="2024-07-05T02:05:33Z" name="beforeMethod" finished-at="2024-07-05T02:05:33Z" duration-ms="0" status="PASS">
          <reporter-output>
          </reporter-output>
        </test-method> <!-- beforeMethod -->
        <test-method signature="abc(java.lang.Integer, java.lang.String)[pri:0, instance:ui.Testing1@38102d01]" started-at="2024-07-05T02:05:33Z" name="abc" data-provider="dp" finished-at="2024-07-05T02:05:33Z" duration-ms="0" status="PASS">
          <params>
            <param index="0">
              <value>
                <![CDATA[1]]>
              </value>
            </param>
            <param index="1">
              <value>
                <![CDATA[a]]>
              </value>
            </param>
          </params>
          <reporter-output>
          </reporter-output>
        </test-method> <!-- abc -->
        <test-method is-config="true" signature="afterMethod()[pri:0, instance:ui.Testing1@38102d01]" started-at="2024-07-05T02:05:33Z" name="afterMethod" finished-at="2024-07-05T02:05:33Z" duration-ms="0" status="PASS">
          <reporter-output>
          </reporter-output>
        </test-method> <!-- afterMethod -->
        <test-method is-config="true" signature="beforeMethod()[pri:0, instance:ui.Testing1@38102d01]" started-at="2024-07-05T02:05:33Z" name="beforeMethod" finished-at="2024-07-05T02:05:33Z" duration-ms="0" status="PASS">
          <reporter-output>
          </reporter-output>
        </test-method> <!-- beforeMethod -->
        <test-method signature="abc(java.lang.Integer, java.lang.String)[pri:0, instance:ui.Testing1@38102d01]" started-at="2024-07-05T02:05:33Z" name="abc" data-provider="dp" finished-at="2024-07-05T02:05:33Z" duration-ms="1" status="PASS">
          <params>
            <param index="0">
              <value>
                <![CDATA[2]]>
              </value>
            </param>
            <param index="1">
              <value>
                <![CDATA[b]]>
              </value>
            </param>
          </params>
          <reporter-output>
          </reporter-output>
        </test-method> <!-- abc -->
        <test-method is-config="true" signature="afterMethod()[pri:0, instance:ui.Testing1@38102d01]" started-at="2024-07-05T02:05:33Z" name="afterMethod" finished-at="2024-07-05T02:05:33Z" duration-ms="0" status="PASS">
          <reporter-output>
          </reporter-output>
        </test-method> <!-- afterMethod -->
        <test-method is-config="true" signature="beforeMethod()[pri:0, instance:ui.Testing1@38102d01]" started-at="2024-07-05T02:05:33Z" name="beforeMethod" finished-at="2024-07-05T02:05:33Z" duration-ms="0" status="PASS">
          <reporter-output>
          </reporter-output>
        </test-method> <!-- beforeMethod -->
        <test-method signature="abc(java.lang.Integer, java.lang.String)[pri:0, instance:ui.Testing1@38102d01]" started-at="2024-07-05T02:05:33Z" name="abc" data-provider="dp" finished-at="2024-07-05T02:05:33Z" duration-ms="1" status="PASS">
          <params>
            <param index="0">
              <value>
                <![CDATA[3]]>
              </value>
            </param>
            <param index="1">
              <value>
                <![CDATA[c]]>
              </value>
            </param>
          </params>
          <reporter-output>
          </reporter-output>
        </test-method> <!-- abc -->
        <test-method is-config="true" signature="afterMethod()[pri:0, instance:ui.Testing1@38102d01]" started-at="2024-07-05T02:05:33Z" name="afterMethod" finished-at="2024-07-05T02:05:33Z" duration-ms="0" status="PASS">
          <reporter-output>
          </reporter-output>
        </test-method> <!-- afterMethod -->
        <test-method is-config="true" signature="beforeMethod()[pri:0, instance:ui.Testing1@38102d01]" started-at="2024-07-05T02:05:33Z" name="beforeMethod" finished-at="2024-07-05T02:05:33Z" duration-ms="1" status="PASS">
          <reporter-output>
          </reporter-output>
        </test-method> <!-- beforeMethod -->
        <test-method signature="test1()[pri:0, instance:ui.Testing1@38102d01]" started-at="2024-07-05T02:05:33Z" name="test1" finished-at="2024-07-05T02:05:33Z" duration-ms="0" status="PASS">
          <reporter-output>
          </reporter-output>
        </test-method> <!-- test1 -->
        <test-method is-config="true" signature="afterMethod()[pri:0, instance:ui.Testing1@38102d01]" started-at="2024-07-05T02:05:33Z" name="afterMethod" finished-at="2024-07-05T02:05:33Z" duration-ms="0" status="PASS">
          <reporter-output>
          </reporter-output>
        </test-method> <!-- afterMethod -->
        <test-method signature="test2()[pri:0, instance:ui.Testing1@38102d01]" started-at="2024-07-05T02:05:33Z" name="test2" finished-at="2024-07-05T02:05:33Z" duration-ms="1" status="PASS">
          <reporter-output>
          </reporter-output>
        </test-method> <!-- test2 -->
        <test-method is-config="true" signature="beforeMethod()[pri:0, instance:ui.Testing1@38102d01]" started-at="2024-07-05T02:05:33Z" name="beforeMethod" finished-at="2024-07-05T02:05:33Z" duration-ms="0" status="PASS">
          <reporter-output>
          </reporter-output>
        </test-method> <!-- beforeMethod -->
        <test-method is-config="true" signature="afterMethod()[pri:0, instance:ui.Testing1@38102d01]" started-at="2024-07-05T02:05:33Z" name="afterMethod" finished-at="2024-07-05T02:05:33Z" duration-ms="1" status="PASS">
          <reporter-output>
          </reporter-output>
        </test-method> <!-- afterMethod -->
        <test-method is-config="true" signature="beforeMethod()[pri:0, instance:ui.Testing1@38102d01]" started-at="2024-07-05T02:05:33Z" name="beforeMethod" finished-at="2024-07-05T02:05:33Z" duration-ms="1" status="PASS">
          <reporter-output>
          </reporter-output>
        </test-method> <!-- beforeMethod -->
        <test-method is-config="true" signature="afterMethod()[pri:0, instance:ui.Testing1@38102d01]" started-at="2024-07-05T02:05:33Z" name="afterMethod" finished-at="2024-07-05T02:05:33Z" duration-ms="1" status="PASS">
          <reporter-output>
          </reporter-output>
        </test-method> <!-- afterMethod -->
        <test-method signature="test3()[pri:0, instance:ui.Testing1@38102d01]" started-at="2024-07-05T02:05:33Z" name="test3" finished-at="2024-07-05T02:05:33Z" duration-ms="0" status="PASS">
          <reporter-output>
          </reporter-output>
        </test-method> <!-- test3 -->
        <test-method is-config="true" signature="afterClass()[pri:0, instance:ui.Testing1@38102d01]" started-at="2024-07-05T02:05:33Z" name="afterClass" finished-at="2024-07-05T02:05:33Z" duration-ms="2" status="PASS">
          <reporter-output>
          </reporter-output>
        </test-method> <!-- afterClass -->
        <test-method is-config="true" signature="afterTest()[pri:0, instance:ui.Testing1@38102d01]" started-at="2024-07-05T02:05:33Z" name="afterTest" finished-at="2024-07-05T02:05:33Z" duration-ms="2" status="PASS">
          <reporter-output>
          </reporter-output>
        </test-method> <!-- afterTest -->
        <test-method is-config="true" signature="afterSuite()[pri:0, instance:ui.Testing1@38102d01]" started-at="2024-07-05T02:05:33Z" name="afterSuite" finished-at="2024-07-05T02:05:33Z" duration-ms="1" status="PASS">
          <reporter-output>
          </reporter-output>
        </test-method> <!-- afterSuite -->
      </class> <!-- ui.Testing1 -->
      <class name="ui.Testing2">
        <test-method signature="test4()[pri:0, instance:ui.Testing2@37883b97]" started-at="2024-07-05T02:05:33Z" name="test4" finished-at="2024-07-05T02:05:33Z" duration-ms="0" status="PASS">
          <reporter-output>
          </reporter-output>
        </test-method> <!-- test4 -->
        <test-method signature="test5()[pri:0, instance:ui.Testing2@37883b97]" started-at="2024-07-05T02:05:33Z" name="test5" finished-at="2024-07-05T02:05:33Z" duration-ms="1" status="PASS">
          <reporter-output>
          </reporter-output>
        </test-method> <!-- test5 -->
      </class> <!-- ui.Testing2 -->
      <class name="ui.Testing3">
        <test-method signature="createUser()[pri:1, instance:ui.Testing3@6ab778a]" started-at="2024-07-05T02:05:33Z" name="createUser" finished-at="2024-07-05T02:05:33Z" duration-ms="6" status="PASS">
          <reporter-output>
          </reporter-output>
        </test-method> <!-- createUser -->
        <test-method signature="editUser()[pri:2, instance:ui.Testing3@6ab778a]" started-at="2024-07-05T02:05:33Z" name="editUser" finished-at="2024-07-05T02:05:33Z" depends-on-methods="ui.Testing3.createUser" duration-ms="3" status="FAIL">
          <exception class="java.lang.AssertionError">
            <message>
              <![CDATA[The following asserts failed:
Verifying Element expected [true] but found [false]]]>
            </message>
            <full-stacktrace>
              <![CDATA[java.lang.AssertionError: The following asserts failed:
Verifying Element expected [true] but found [false]
at org.testng.asserts.SoftAssert.assertAll(SoftAssert.java:43)
at ui.Testing3.editUser(Testing3.java:26)
at java.base/jdk.internal.reflect.NativeMethodAccessorImpl.invoke0(Native Method)
at java.base/jdk.internal.reflect.NativeMethodAccessorImpl.invoke(NativeMethodAccessorImpl.java:62)
at java.base/jdk.internal.reflect.DelegatingMethodAccessorImpl.invoke(DelegatingMethodAccessorImpl.java:43)
at java.base/java.lang.reflect.Method.invoke(Method.java:564)
at org.testng.internal.MethodInvocationHelper.invokeMethod(MethodInvocationHelper.java:124)
at org.testng.internal.Invoker.invokeMethod(Invoker.java:580)
at org.testng.internal.Invoker.invokeTestMethod(Invoker.java:716)
at org.testng.internal.Invoker.invokeTestMethods(Invoker.java:988)
at org.testng.internal.TestMethodWorker.invokeTestMethods(TestMethodWorker.java:125)
at org.testng.internal.TestMethodWorker.run(TestMethodWorker.java:109)
at org.testng.TestRunner.privateRun(TestRunner.java:648)
at org.testng.TestRunner.run(TestRunner.java:505)
at org.testng.SuiteRunner.runTest(SuiteRunner.java:455)
at org.testng.SuiteRunner.runSequentially(SuiteRunner.java:450)
at org.testng.SuiteRunner.privateRun(SuiteRunner.java:415)
at org.testng.SuiteRunner.run(SuiteRunner.java:364)
at org.testng.SuiteRunnerWorker.runSuite(SuiteRunnerWorker.java:52)
at org.testng.SuiteRunnerWorker.run(SuiteRunnerWorker.java:84)
at org.testng.TestNG.runSuitesSequentially(TestNG.java:1208)
at org.testng.TestNG.runSuitesLocally(TestNG.java:1137)
at org.testng.TestNG.runSuites(TestNG.java:1049)
at org.testng.TestNG.run(TestNG.java:1017)
at org.testng.TestNG.privateMain(TestNG.java:1354)
at org.testng.TestNG.main(TestNG.java:1323)
]]>
            </full-stacktrace>
          </exception> <!-- java.lang.AssertionError -->
          <reporter-output>
          </reporter-output>
        </test-method> <!-- editUser -->
        <test-method signature="deleteUser()[pri:3, instance:ui.Testing3@6ab778a]" started-at="2024-07-05T02:05:33Z" name="deleteUser" finished-at="2024-07-05T02:05:33Z" depends-on-methods="ui.Testing3.editUser" duration-ms="1" status="SKIP">
          <exception class="java.lang.Throwable">
            <message>
              <![CDATA[Method Testing3.deleteUser()[pri:3, instance:ui.Testing3@6ab778a] depends on not successfully finished methods]]>
            </message>
            <full-stacktrace>
              <![CDATA[java.lang.Throwable: Method Testing3.deleteUser()[pri:3, instance:ui.Testing3@6ab778a] depends on not successfully finished methods
at org.testng.internal.Invoker.invokeTestMethods(Invoker.java:887)
at org.testng.internal.TestMethodWorker.invokeTestMethods(TestMethodWorker.java:125)
at org.testng.internal.TestMethodWorker.run(TestMethodWorker.java:109)
at org.testng.TestRunner.privateRun(TestRunner.java:648)
at org.testng.TestRunner.run(TestRunner.java:505)
at org.testng.SuiteRunner.runTest(SuiteRunner.java:455)
at org.testng.SuiteRunner.runSequentially(SuiteRunner.java:450)
at org.testng.SuiteRunner.privateRun(SuiteRunner.java:415)
at org.testng.SuiteRunner.run(SuiteRunner.java:364)
at org.testng.SuiteRunnerWorker.runSuite(SuiteRunnerWorker.java:52)
at org.testng.SuiteRunnerWorker.run(SuiteRunnerWorker.java:84)
at org.testng.TestNG.runSuitesSequentially(TestNG.java:1208)
at org.testng.TestNG.runSuitesLocally(TestNG.java:1137)
at org.testng.TestNG.runSuites(TestNG.java:1049)
at org.testng.TestNG.run(TestNG.java:1017)
at org.testng.TestNG.privateMain(TestNG.java:1354)
at org.testng.TestNG.main(TestNG.java:1323)
]]>
            </full-stacktrace>
          </exception> <!-- java.lang.Throwable -->
          <reporter-output>
          </reporter-output>
        </test-method> <!-- deleteUser -->
      </class> <!-- ui.Testing3 -->
    </test> <!-- Test -->
  </suite> <!-- Suite -->
</testng-results>
