<?xml version="1.0" encoding="UTF-8"?>
<!-- Generated by org.testng.reporters.JUnitXMLReporter -->
<testsuite ignored="0" hostname="NIMIK" failures="0" tests="3" name="Test BeforeSuite and AfterSuite" time="0.037" errors="0" timestamp="2024-06-29T11:29:14 EDT">
  <testcase classname="ui.GroupTest2" name="aTest1" time="0.003"/>
  <testcase classname="ui.GroupTest2" name="bTest2" time="0.005"/>
  <testcase classname="ui.GroupTest2" name="bTest3" time="0.007"/>
</testsuite> <!-- Test BeforeSuite and AfterSuite -->
