<?xml version="1.0" encoding="UTF-8"?>
<!-- Generated by org.testng.reporters.JUnitXMLReporter -->
<testsuite ignored="2" hostname="NIMIK" failures="0" tests="1" name="GRP-smoke" time="0.165" errors="0" timestamp="2024-06-29T07:08:35 EDT">
  <testcase classname="ui.GroupTest" name="bTest3" time="0.029"/>
  <testcase classname="ui.GroupTest" name="aTest1" time="0.0">
    <ignored/>
  </testcase> <!-- aTest1 -->
  <testcase classname="ui.GroupTest" name="bTest2" time="0.0">
    <ignored/>
  </testcase> <!-- bTest2 -->
</testsuite> <!-- GRP-smoke -->
