<?xml version="1.0" encoding="UTF-8"?>
<!-- Generated by org.testng.reporters.JUnitXMLReporter -->
<testsuite ignored="1" hostname="NIMIK" failures="0" tests="2" name="GRP-regression" time="0.281" errors="0" timestamp="2024-06-29T11:04:51 EDT">
  <testcase classname="ui.GroupTest" name="aTest1" time="0.033"/>
  <testcase classname="ui.GroupTest" name="bTest2" time="0.015"/>
  <testcase classname="ui.GroupTest" name="bTest3" time="0.0">
    <ignored/>
  </testcase> <!-- bTest3 -->
</testsuite> <!-- GRP-regression -->
