<?xml version="1.0" encoding="UTF-8"?>
<!-- Generated by org.testng.reporters.JUnitXMLReporter -->
<testsuite ignored="1" hostname="NIMIK" failures="0" tests="2" name="GRP-regression,smoke" time="0.248" errors="0" timestamp="2024-06-29T07:09:38 EDT">
  <testcase classname="ui.GroupTest" name="aTest1" time="0.04"/>
  <testcase classname="ui.GroupTest" name="bTest3" time="0.007"/>
  <testcase classname="ui.GroupTest" name="bTest2" time="0.0">
    <ignored/>
  </testcase> <!-- bTest2 -->
</testsuite> <!-- GRP-regression,smoke -->
